
/home/runner/work/exp-three-phase-power-iitr/exp-three-phase-power-iitr/experiment/simulation/js/demo1.js
     2:5    warning  'datapoints1' is assigned a value but never used  no-unused-vars
     3:1    warning  'jsPlumb' is not defined                          no-undef
     8:9    warning  'addDisc' is assigned a value but never used      no-unused-vars
    10:17   warning  'e' is assigned a value but never used            no-unused-vars
    10:21   warning  'prepare' is not defined                          no-undef
    17:9    warning  'reset' is assigned a value but never used        no-unused-vars
    30:48   warning  'e' is defined but never used                     no-unused-vars
    30:51   warning  'ui' is defined but never used                    no-unused-vars
    32:21   warning  'jsPlumb' is not defined                          no-undef
   450:16   warning  'jsPlumb' is not defined                          no-undef
   458:13   warning  'e1' is assigned a value but never used           no-unused-vars
   459:13   warning  'e2' is assigned a value but never used           no-unused-vars
   460:13   warning  'e3' is assigned a value but never used           no-unused-vars
   461:13   warning  'e4' is assigned a value but never used           no-unused-vars
   462:13   warning  'e5' is assigned a value but never used           no-unused-vars
   463:13   warning  'e6' is assigned a value but never used           no-unused-vars
   464:13   warning  'e7' is assigned a value but never used           no-unused-vars
   465:13   warning  'e8' is assigned a value but never used           no-unused-vars
   466:13   warning  'e9' is assigned a value but never used           no-unused-vars
   467:13   warning  'e10' is assigned a value but never used          no-unused-vars
   468:13   warning  'e11' is assigned a value but never used          no-unused-vars
   469:13   warning  'e12' is assigned a value but never used          no-unused-vars
   470:13   warning  'e13' is assigned a value but never used          no-unused-vars
   471:13   warning  'e14' is assigned a value but never used          no-unused-vars
   472:13   warning  'e15' is assigned a value but never used          no-unused-vars
   473:13   warning  'e16' is assigned a value but never used          no-unused-vars
   474:13   warning  'e17' is assigned a value but never used          no-unused-vars
   475:13   warning  'e18' is assigned a value but never used          no-unused-vars
   476:13   warning  'e19' is assigned a value but never used          no-unused-vars
   477:13   warning  'e20' is assigned a value but never used          no-unused-vars
   478:13   warning  'e21' is assigned a value but never used          no-unused-vars
   479:13   warning  'e22' is assigned a value but never used          no-unused-vars
   480:13   warning  'e23' is assigned a value but never used          no-unused-vars
   481:13   warning  'e24' is assigned a value but never used          no-unused-vars
   482:13   warning  'e25' is assigned a value but never used          no-unused-vars
   483:13   warning  'e26' is assigned a value but never used          no-unused-vars
   484:13   warning  'e27' is assigned a value but never used          no-unused-vars
   485:13   warning  'e28' is assigned a value but never used          no-unused-vars
   486:13   warning  'e29' is assigned a value but never used          no-unused-vars
   487:13   warning  'e30' is assigned a value but never used          no-unused-vars
   488:13   warning  'clearBtn' is assigned a value but never used     no-unused-vars
   488:24   warning  'jsPlumb' is not defined                          no-undef
   489:13   warning  'addBtn' is assigned a value but never used       no-unused-vars
   489:22   warning  'jsPlumb' is not defined                          no-undef
   491:27   warning  'jsPlumb' is not defined                          no-undef
   494:13   warning  'jsPlumbUtil' is not defined                      no-undef
   499:13   warning  'showConnectionInfo' is not defined               no-undef
   500:13   warning  'jsPlumbUtil' is not defined                      no-undef
   507:5    warning  'jsPlumb' is not defined                          no-undef
  1247:13   warning  'jsPlumb' is not defined                          no-undef
  1264:32   warning  'jsPlumb' is not defined                          no-undef
  1271:21   warning  'e1' is not defined                               no-undef
  1271:43   warning  'e2' is not defined                               no-undef
  1271:65   warning  'e3' is not defined                               no-undef
  1271:87   warning  'e4' is not defined                               no-undef
  1271:109  warning  'e5' is not defined                               no-undef
  1271:131  warning  'e6' is not defined                               no-undef
  1272:21   warning  'e7' is not defined                               no-undef
  1272:43   warning  'e8' is not defined                               no-undef
  1272:65   warning  'e9' is not defined                               no-undef
  1272:87   warning  'e10' is not defined                              no-undef
  1272:111  warning  'e11' is not defined                              no-undef
  1272:135  warning  'e12' is not defined                              no-undef
  1273:21   warning  'e13' is not defined                              no-undef
  1273:45   warning  'e14' is not defined                              no-undef
  1273:69   warning  'e15' is not defined                              no-undef
  1273:93   warning  'e16' is not defined                              no-undef
  1273:117  warning  'e17' is not defined                              no-undef
  1273:141  warning  'e18' is not defined                              no-undef
  1274:21   warning  'e19' is not defined                              no-undef
  1274:45   warning  'e20' is not defined                              no-undef
  1274:69   warning  'e21' is not defined                              no-undef
  1274:93   warning  'e22' is not defined                              no-undef
  1274:117  warning  'e23' is not defined                              no-undef
  1274:141  warning  'e24' is not defined                              no-undef
  1275:21   warning  'e25' is not defined                              no-undef
  1275:45   warning  'e26' is not defined                              no-undef
  1275:69   warning  'e27' is not defined                              no-undef
  1275:93   warning  'e28' is not defined                              no-undef
  1275:117  warning  'e29' is not defined                              no-undef
  1275:141  warning  'e30' is not defined                              no-undef
  1332:5    warning  'were' is assigned a value but never used         no-unused-vars
  1333:10   warning  'mcbonoff' is defined but never used              no-unused-vars
  1352:10   warning  'addtotable' is defined but never used            no-unused-vars
  1401:13   warning  'currentVal1' is already defined                  no-redeclare
  1402:13   warning  'currentVal2' is already defined                  no-redeclare
  1403:13   warning  'currentVal3' is already defined                  no-redeclare
  1404:13   warning  'currentVal4' is already defined                  no-redeclare
  1405:13   warning  'currentVal5' is already defined                  no-redeclare
  1406:13   warning  'currentVal6' is already defined                  no-redeclare
  1407:13   warning  'currentVal7' is already defined                  no-redeclare
  1408:13   warning  'currentVal8' is already defined                  no-redeclare
  1409:13   warning  'currentVal9' is already defined                  no-redeclare
  1410:13   warning  'currentVal10' is already defined                 no-redeclare
  1412:13   warning  'tr' is already defined                           no-redeclare
  1413:13   warning  'td1' is already defined                          no-redeclare
  1414:13   warning  'td2' is already defined                          no-redeclare
  1415:13   warning  'td3' is already defined                          no-redeclare
  1416:13   warning  'td4' is already defined                          no-redeclare
  1417:13   warning  'td5' is already defined                          no-redeclare
  1418:13   warning  'td6' is already defined                          no-redeclare
  1419:13   warning  'td7' is already defined                          no-redeclare
  1420:13   warning  'td8' is already defined                          no-redeclare
  1421:13   warning  'td9' is already defined                          no-redeclare
  1422:13   warning  'td10' is already defined                         no-redeclare
  1438:13   warning  'currentVal1' is already defined                  no-redeclare
  1439:13   warning  'currentVal2' is already defined                  no-redeclare
  1440:13   warning  'currentVal3' is already defined                  no-redeclare
  1441:13   warning  'currentVal4' is already defined                  no-redeclare
  1442:13   warning  'currentVal5' is already defined                  no-redeclare
  1443:13   warning  'currentVal6' is already defined                  no-redeclare
  1444:13   warning  'currentVal7' is already defined                  no-redeclare
  1445:13   warning  'currentVal8' is already defined                  no-redeclare
  1446:13   warning  'currentVal9' is already defined                  no-redeclare
  1447:13   warning  'currentVal10' is already defined                 no-redeclare
  1449:13   warning  'tr' is already defined                           no-redeclare
  1450:13   warning  'td1' is already defined                          no-redeclare
  1451:13   warning  'td2' is already defined                          no-redeclare
  1452:13   warning  'td3' is already defined                          no-redeclare
  1453:13   warning  'td4' is already defined                          no-redeclare
  1454:13   warning  'td5' is already defined                          no-redeclare
  1455:13   warning  'td6' is already defined                          no-redeclare
  1456:13   warning  'td7' is already defined                          no-redeclare
  1457:13   warning  'td8' is already defined                          no-redeclare
  1458:13   warning  'td9' is already defined                          no-redeclare
  1459:13   warning  'td10' is already defined                         no-redeclare
  1475:13   warning  'currentVal1' is already defined                  no-redeclare
  1476:13   warning  'currentVal2' is already defined                  no-redeclare
  1477:13   warning  'currentVal3' is already defined                  no-redeclare
  1478:13   warning  'currentVal4' is already defined                  no-redeclare
  1479:13   warning  'currentVal5' is already defined                  no-redeclare
  1480:13   warning  'currentVal6' is already defined                  no-redeclare
  1481:13   warning  'currentVal7' is already defined                  no-redeclare
  1482:13   warning  'currentVal8' is already defined                  no-redeclare
  1483:13   warning  'currentVal9' is already defined                  no-redeclare
  1484:13   warning  'currentVal10' is already defined                 no-redeclare
  1486:13   warning  'tr' is already defined                           no-redeclare
  1487:13   warning  'td1' is already defined                          no-redeclare
  1488:13   warning  'td2' is already defined                          no-redeclare
  1489:13   warning  'td3' is already defined                          no-redeclare
  1490:13   warning  'td4' is already defined                          no-redeclare
  1491:13   warning  'td5' is already defined                          no-redeclare
  1492:13   warning  'td6' is already defined                          no-redeclare
  1493:13   warning  'td7' is already defined                          no-redeclare
  1494:13   warning  'td8' is already defined                          no-redeclare
  1495:13   warning  'td9' is already defined                          no-redeclare
  1496:13   warning  'td10' is already defined                         no-redeclare
  1526:5    warning  'strUser' is assigned a value but never used      no-unused-vars
  1527:5    warning  'value' is assigned a value but never used        no-unused-vars

/home/runner/work/exp-three-phase-power-iitr/exp-three-phase-power-iitr/experiment/simulation/js/demo2.js
     2:5    warning  'datapoints1' is assigned a value but never used  no-unused-vars
     3:1    warning  'jsPlumb' is not defined                          no-undef
     8:9    warning  'addDisc' is assigned a value but never used      no-unused-vars
    10:17   warning  'e' is assigned a value but never used            no-unused-vars
    10:21   warning  'prepare' is not defined                          no-undef
    17:9    warning  'reset' is assigned a value but never used        no-unused-vars
    30:48   warning  'e' is defined but never used                     no-unused-vars
    30:51   warning  'ui' is defined but never used                    no-unused-vars
    32:21   warning  'jsPlumb' is not defined                          no-undef
   450:16   warning  'jsPlumb' is not defined                          no-undef
   460:13   warning  'e1' is assigned a value but never used           no-unused-vars
   461:13   warning  'e2' is assigned a value but never used           no-unused-vars
   462:13   warning  'e3' is assigned a value but never used           no-unused-vars
   463:13   warning  'e4' is assigned a value but never used           no-unused-vars
   464:13   warning  'e5' is assigned a value but never used           no-unused-vars
   465:13   warning  'e6' is assigned a value but never used           no-unused-vars
   466:13   warning  'e7' is assigned a value but never used           no-unused-vars
   467:13   warning  'e8' is assigned a value but never used           no-unused-vars
   468:13   warning  'e9' is assigned a value but never used           no-unused-vars
   469:13   warning  'e10' is assigned a value but never used          no-unused-vars
   470:13   warning  'e11' is assigned a value but never used          no-unused-vars
   471:13   warning  'e12' is assigned a value but never used          no-unused-vars
   472:13   warning  'e13' is assigned a value but never used          no-unused-vars
   473:13   warning  'e14' is assigned a value but never used          no-unused-vars
   474:13   warning  'e15' is assigned a value but never used          no-unused-vars
   475:13   warning  'e16' is assigned a value but never used          no-unused-vars
   476:13   warning  'e17' is assigned a value but never used          no-unused-vars
   477:13   warning  'e18' is assigned a value but never used          no-unused-vars
   478:13   warning  'e19' is assigned a value but never used          no-unused-vars
   479:13   warning  'e20' is assigned a value but never used          no-unused-vars
   480:13   warning  'e21' is assigned a value but never used          no-unused-vars
   481:13   warning  'e22' is assigned a value but never used          no-unused-vars
   482:13   warning  'e23' is assigned a value but never used          no-unused-vars
   483:13   warning  'e24' is assigned a value but never used          no-unused-vars
   484:13   warning  'e25' is assigned a value but never used          no-unused-vars
   485:13   warning  'e26' is assigned a value but never used          no-unused-vars
   486:13   warning  'e27' is assigned a value but never used          no-unused-vars
   487:13   warning  'e28' is assigned a value but never used          no-unused-vars
   488:13   warning  'e29' is assigned a value but never used          no-unused-vars
   489:13   warning  'e30' is assigned a value but never used          no-unused-vars
   490:13   warning  'clearBtn' is assigned a value but never used     no-unused-vars
   490:24   warning  'jsPlumb' is not defined                          no-undef
   491:13   warning  'addBtn' is assigned a value but never used       no-unused-vars
   491:22   warning  'jsPlumb' is not defined                          no-undef
   493:27   warning  'jsPlumb' is not defined                          no-undef
   496:13   warning  'jsPlumbUtil' is not defined                      no-undef
   501:13   warning  'showConnectionInfo' is not defined               no-undef
   502:13   warning  'jsPlumbUtil' is not defined                      no-undef
   509:5    warning  'jsPlumb' is not defined                          no-undef
  1246:13   warning  'jsPlumb' is not defined                          no-undef
  1263:32   warning  'jsPlumb' is not defined                          no-undef
  1270:21   warning  'e1' is not defined                               no-undef
  1270:43   warning  'e2' is not defined                               no-undef
  1270:65   warning  'e3' is not defined                               no-undef
  1270:87   warning  'e4' is not defined                               no-undef
  1270:109  warning  'e5' is not defined                               no-undef
  1270:131  warning  'e6' is not defined                               no-undef
  1271:25   warning  'e7' is not defined                               no-undef
  1271:47   warning  'e8' is not defined                               no-undef
  1271:69   warning  'e9' is not defined                               no-undef
  1271:91   warning  'e10' is not defined                              no-undef
  1271:115  warning  'e11' is not defined                              no-undef
  1271:139  warning  'e12' is not defined                              no-undef
  1272:25   warning  'e13' is not defined                              no-undef
  1272:49   warning  'e14' is not defined                              no-undef
  1272:73   warning  'e15' is not defined                              no-undef
  1272:97   warning  'e16' is not defined                              no-undef
  1272:121  warning  'e17' is not defined                              no-undef
  1272:145  warning  'e18' is not defined                              no-undef
  1273:21   warning  'e19' is not defined                              no-undef
  1273:45   warning  'e20' is not defined                              no-undef
  1273:69   warning  'e21' is not defined                              no-undef
  1273:93   warning  'e22' is not defined                              no-undef
  1273:117  warning  'e23' is not defined                              no-undef
  1273:141  warning  'e24' is not defined                              no-undef
  1274:21   warning  'e25' is not defined                              no-undef
  1274:45   warning  'e26' is not defined                              no-undef
  1274:69   warning  'e27' is not defined                              no-undef
  1274:93   warning  'e28' is not defined                              no-undef
  1274:117  warning  'e29' is not defined                              no-undef
  1274:141  warning  'e30' is not defined                              no-undef
  1332:5    warning  'were' is assigned a value but never used         no-unused-vars
  1333:10   warning  'mcbonoff' is defined but never used              no-unused-vars
  1355:10   warning  'addtotable' is defined but never used            no-unused-vars
  1405:21   warning  'currentVal1' is already defined                  no-redeclare
  1406:21   warning  'currentVal2' is already defined                  no-redeclare
  1407:21   warning  'currentVal3' is already defined                  no-redeclare
  1408:21   warning  'currentVal4' is already defined                  no-redeclare
  1409:21   warning  'currentVal5' is already defined                  no-redeclare
  1410:21   warning  'currentVal6' is already defined                  no-redeclare
  1411:21   warning  'currentVal7' is already defined                  no-redeclare
  1412:21   warning  'currentVal8' is already defined                  no-redeclare
  1413:21   warning  'currentVal9' is already defined                  no-redeclare
  1414:21   warning  'currentVal10' is already defined                 no-redeclare
  1416:21   warning  'tr' is already defined                           no-redeclare
  1417:21   warning  'td1' is already defined                          no-redeclare
  1418:21   warning  'td2' is already defined                          no-redeclare
  1419:21   warning  'td3' is already defined                          no-redeclare
  1420:21   warning  'td4' is already defined                          no-redeclare
  1421:21   warning  'td5' is already defined                          no-redeclare
  1422:21   warning  'td6' is already defined                          no-redeclare
  1423:21   warning  'td7' is already defined                          no-redeclare
  1424:21   warning  'td8' is already defined                          no-redeclare
  1425:21   warning  'td9' is already defined                          no-redeclare
  1426:21   warning  'td10' is already defined                         no-redeclare
  1442:21   warning  'currentVal1' is already defined                  no-redeclare
  1443:21   warning  'currentVal2' is already defined                  no-redeclare
  1444:21   warning  'currentVal3' is already defined                  no-redeclare
  1445:21   warning  'currentVal4' is already defined                  no-redeclare
  1446:21   warning  'currentVal5' is already defined                  no-redeclare
  1447:21   warning  'currentVal6' is already defined                  no-redeclare
  1448:21   warning  'currentVal7' is already defined                  no-redeclare
  1449:21   warning  'currentVal8' is already defined                  no-redeclare
  1450:21   warning  'currentVal9' is already defined                  no-redeclare
  1451:21   warning  'currentVal10' is already defined                 no-redeclare
  1453:21   warning  'tr' is already defined                           no-redeclare
  1454:21   warning  'td1' is already defined                          no-redeclare
  1455:21   warning  'td2' is already defined                          no-redeclare
  1456:21   warning  'td3' is already defined                          no-redeclare
  1457:21   warning  'td4' is already defined                          no-redeclare
  1458:21   warning  'td5' is already defined                          no-redeclare
  1459:21   warning  'td6' is already defined                          no-redeclare
  1460:21   warning  'td7' is already defined                          no-redeclare
  1461:21   warning  'td8' is already defined                          no-redeclare
  1462:21   warning  'td9' is already defined                          no-redeclare
  1463:21   warning  'td10' is already defined                         no-redeclare
  1479:21   warning  'currentVal1' is already defined                  no-redeclare
  1480:21   warning  'currentVal2' is already defined                  no-redeclare
  1481:21   warning  'currentVal3' is already defined                  no-redeclare
  1482:21   warning  'currentVal4' is already defined                  no-redeclare
  1483:21   warning  'currentVal5' is already defined                  no-redeclare
  1484:21   warning  'currentVal6' is already defined                  no-redeclare
  1485:21   warning  'currentVal7' is already defined                  no-redeclare
  1486:21   warning  'currentVal8' is already defined                  no-redeclare
  1487:21   warning  'currentVal9' is already defined                  no-redeclare
  1488:21   warning  'currentVal10' is already defined                 no-redeclare
  1490:21   warning  'tr' is already defined                           no-redeclare
  1491:21   warning  'td1' is already defined                          no-redeclare
  1492:21   warning  'td2' is already defined                          no-redeclare
  1493:21   warning  'td3' is already defined                          no-redeclare
  1494:21   warning  'td4' is already defined                          no-redeclare
  1495:21   warning  'td5' is already defined                          no-redeclare
  1496:21   warning  'td6' is already defined                          no-redeclare
  1497:21   warning  'td7' is already defined                          no-redeclare
  1498:21   warning  'td8' is already defined                          no-redeclare
  1499:21   warning  'td9' is already defined                          no-redeclare
  1500:21   warning  'td10' is already defined                         no-redeclare
  1530:5    warning  'strUser' is assigned a value but never used      no-unused-vars
  1531:5    warning  'value' is assigned a value but never used        no-unused-vars
  1627:5    warning  'text1' is assigned a value but never used        no-unused-vars
  1628:5    warning  'text2' is assigned a value but never used        no-unused-vars
  1629:5    warning  'text3' is assigned a value but never used        no-unused-vars
  1630:5    warning  'text4' is assigned a value but never used        no-unused-vars
  1631:5    warning  'text5' is assigned a value but never used        no-unused-vars
  1632:5    warning  'text6' is assigned a value but never used        no-unused-vars

/home/runner/work/exp-three-phase-power-iitr/exp-three-phase-power-iitr/experiment/simulation/js/jsplumb1.js
     68:9   warning  'root' is assigned a value but never used                                  no-unused-vars
    130:18  warning  'i' is already defined                                                     no-redeclare
    184:18  warning  'i' is already defined                                                     no-redeclare
    242:22  warning  'j' is already defined                                                     no-redeclare
    264:56  warning  't' is defined but never used                                              no-unused-vars
    279:26  warning  'j' is already defined                                                     no-redeclare
    582:9   warning  'exports' is not defined                                                   no-undef
    616:1   warning  Unnecessary semicolon                                                      no-extra-semi
    626:9   warning  'exports' is not defined                                                   no-undef
    661:9   warning  '_normal' is assigned a value but never used                               no-unused-vars
    672:9   warning  '_lineLength' is assigned a value but never used                           no-unused-vars
    706:9   warning  '_theta' is assigned a value but never used                                no-unused-vars
    725:9   warning  '_intersects' is assigned a value but never used                           no-unused-vars
    747:9   warning  '_encloses' is assigned a value but never used                             no-unused-vars
    764:9   warning  '_pointOnLine' is assigned a value but never used                          no-unused-vars
    781:9   warning  '_perpendicularLineTo' is assigned a value but never used                  no-unused-vars
    789:1   warning  Unnecessary semicolon                                                      no-extra-semi
    846:28  warning  'view' is defined but never used                                           no-unused-vars
    846:34  warning  'target' is defined but never used                                         no-unused-vars
    846:42  warning  'pageX' is defined but never used                                          no-unused-vars
    846:49  warning  'pageY' is defined but never used                                          no-unused-vars
    846:56  warning  'screenX' is defined but never used                                        no-unused-vars
    846:65  warning  'screenY' is defined but never used                                        no-unused-vars
    846:74  warning  'clientX' is defined but never used                                        no-unused-vars
    846:83  warning  'clientY' is defined but never used                                        no-unused-vars
   1040:58  warning  Do not access Object.prototype method 'hasOwnProperty' from target object  no-prototype-builtins
   1082:39  warning  Do not access Object.prototype method 'hasOwnProperty' from target object  no-prototype-builtins
   1132:9   warning  'touchstart' is assigned a value but never used                            no-unused-vars
   1132:36  warning  'touchend' is assigned a value but never used                              no-unused-vars
   1132:59  warning  'touchmove' is assigned a value but never used                             no-unused-vars
   1137:54  warning  Unnecessary escape character: \.                                           no-useless-escape
   1223:73  warning  Invalid typeof comparison value                                            valid-typeof
   1286:38  warning  Do not access Object.prototype method 'hasOwnProperty' from target object  no-prototype-builtins
   1288:51  warning  Do not access Object.prototype method 'hasOwnProperty' from target object  no-prototype-builtins
   1310:29  warning  'el' is defined but never used                                             no-unused-vars
   1310:33  warning  'event' is defined but never used                                          no-unused-vars
   1310:40  warning  'children' is defined but never used                                       no-unused-vars
   1310:50  warning  'fn' is defined but never used                                             no-unused-vars
   1457:9   warning  'exports' is not defined                                                   no-undef
   1490:1   warning  Unnecessary semicolon                                                      no-extra-semi
   1595:54  warning  Unnecessary escape character: \.                                           no-useless-escape
   1719:42  warning  'scope' is defined but never used                                          no-unused-vars
   1727:13  warning  'scroll' is assigned a value but never used                                no-unused-vars
   1875:13  warning  '_addFilter' is assigned a value but never used                            no-unused-vars
   1876:13  warning  '_removeFilter' is assigned a value but never used                         no-unused-vars
   2091:31  warning  Empty block statement                                                      no-empty
   2280:42  warning  'scope' is defined but never used                                          no-unused-vars
   2300:56  warning  'drag' is defined but never used                                           no-unused-vars
   2388:13  warning  '_getMatchingDroppables' is assigned a value but never used                no-unused-vars
   2432:18  warning  'i' is already defined                                                     no-redeclare
   2754:40  warning  'spec' is defined but never used                                           no-unused-vars
   2777:38  warning  'spec' is defined but never used                                           no-unused-vars
   2862:9   warning  'exports' is not defined                                                   no-undef
   2874:42  warning  'exports' is not defined                                                   no-undef
   2915:19  warning  Do not access Object.prototype method 'hasOwnProperty' from target object  no-prototype-builtins
   3011:26  warning  Unnecessary escape character: \.                                           no-useless-escape
   3012:40  warning  Unnecessary escape character: \[                                           no-useless-escape
   3180:36  warning  '_protoFn' is defined but never used                                       no-unused-vars
   3188:45  warning  Do not access Object.prototype method 'hasOwnProperty' from target object  no-prototype-builtins
   3188:83  warning  Do not access Object.prototype method 'hasOwnProperty' from target object  no-prototype-builtins
   3201:41  warning  Do not access Object.prototype method 'hasOwnProperty' from target object  no-prototype-builtins
   3201:79  warning  Do not access Object.prototype method 'hasOwnProperty' from target object  no-prototype-builtins
   3242:42  warning  Empty block statement                                                      no-empty
   3320:23  warning  Empty block statement                                                      no-empty
   3488:2   warning  Unnecessary semicolon                                                      no-extra-semi
   3553:1   warning  Unnecessary semicolon                                                      no-extra-semi
   3585:9   warning  'eventFilters' is assigned a value but never used                          no-unused-vars
   3604:9   warning  '_each' is assigned a value but never used                                 no-unused-vars
   4583:13  warning  '_setDraggable' is assigned a value but never used                         no-unused-vars
   4807:56  warning  'args' is defined but never used                                           no-unused-vars
   4855:60  warning  'cEl' is assigned a value but never used                                   no-unused-vars
   5481:13  warning  '_unmanage' is assigned a value but never used                             no-unused-vars
   5576:68  warning  'jsPlumbInstance' is assigned a value but never used                       no-unused-vars
   6146:39  warning  'scope' is defined but never used                                          no-unused-vars
   6751:9   warning  'exports' is not defined                                                   no-undef
   6766:1   warning  Unnecessary semicolon                                                      no-extra-semi
   6882:36  warning  'ignoreAttachedElements' is defined but never used                         no-unused-vars
   7059:1   warning  Unnecessary semicolon                                                      no-extra-semi
   7304:41  warning  'doNotRepaint' is defined but never used                                   no-unused-vars
   7309:50  warning  'doNotRepaint' is defined but never used                                   no-unused-vars
   7374:53  warning  'fireEvent' is defined but never used                                      no-unused-vars
   7374:64  warning  'originalEvent' is defined but never used                                  no-unused-vars
   7488:52  warning  Do not access Object.prototype method 'hasOwnProperty' from target object  no-prototype-builtins
   7534:39  warning  'startParams' is defined but never used                                    no-unused-vars
   8111:17  warning  'elId' is assigned a value but never used                                  no-unused-vars
   8348:1   warning  Unnecessary semicolon                                                      no-extra-semi
   8865:52  warning  Do not access Object.prototype method 'hasOwnProperty' from target object  no-prototype-builtins
   8889:52  warning  Do not access Object.prototype method 'hasOwnProperty' from target object  no-prototype-builtins
   8901:21  warning  'jsPlumb' is not defined                                                   no-undef
   8984:1   warning  Unnecessary semicolon                                                      no-extra-semi
   9709:27  warning  'Biltong' is not defined                                                   no-undef
  10061:23  warning  'jsPlumbUtil' is not defined                                               no-undef
  10293:1   warning  Unnecessary semicolon                                                      no-extra-semi
  10323:53  warning  'x' is defined but never used                                              no-unused-vars
  10323:56  warning  'y' is defined but never used                                              no-unused-vars
  10350:46  warning  'x1' is defined but never used                                             no-unused-vars
  10350:50  warning  'y1' is defined but never used                                             no-unused-vars
  10350:54  warning  'x2' is defined but never used                                             no-unused-vars
  10350:58  warning  'y2' is defined but never used                                             no-unused-vars
  10383:17  warning  '_super' is assigned a value but never used                                no-unused-vars
  10441:46  warning  '_' is defined but never used                                              no-unused-vars
  10643:17  warning  '_super' is assigned a value but never used                                no-unused-vars
  10789:17  warning  '_super' is assigned a value but never used                                no-unused-vars
  11112:13  warning  'dumpSegmentsToConsole' is assigned a value but never used                 no-unused-vars
  11168:48  warning  'anchorPoint' is defined but never used                                    no-unused-vars
  11168:61  warning  'orientation' is defined but never used                                    no-unused-vars
  11168:74  warning  'endpointStyle' is defined but never used                                  no-unused-vars
  11168:89  warning  'connectorPaintStyle' is defined but never used                            no-unused-vars
  11201:13  warning  '_super' is assigned a value but never used                                no-unused-vars
  11207:76  warning  'connectorPaintStyle' is defined but never used                            no-unused-vars
  11228:13  warning  '_super' is assigned a value but never used                                no-unused-vars
  11233:76  warning  'connectorPaintStyle' is defined but never used                            no-unused-vars
  11244:40  warning  'params' is defined but never used                                         no-unused-vars
  11322:48  warning  'orientation' is defined but never used                                    no-unused-vars
  11322:61  warning  'endpointStyle' is defined but never used                                  no-unused-vars
  11322:76  warning  'connectorPaintStyle' is defined but never used                            no-unused-vars
  11348:40  warning  'd' is defined but never used                                              no-unused-vars
  11348:43  warning  'style' is defined but never used                                          no-unused-vars
  11348:50  warning  'anchor' is defined but never used                                         no-unused-vars
  11391:13  warning  '_super' is assigned a value but never used                                no-unused-vars
  11394:48  warning  'orientation' is defined but never used                                    no-unused-vars
  11394:61  warning  'endpointStyle' is defined but never used                                  no-unused-vars
  11394:76  warning  'connectorPaintStyle' is defined but never used                            no-unused-vars
  11410:32  warning  'style' is defined but never used                                          no-unused-vars
  11410:39  warning  'anchor' is defined but never used                                         no-unused-vars
  11443:76  warning  'connectorPaintStyle' is defined but never used                            no-unused-vars
  11472:27  warning  'instance' is defined but never used                                       no-unused-vars
  11472:37  warning  'component' is defined but never used                                      no-unused-vars
  11541:43  warning  'component' is defined but never used                                      no-unused-vars
  11705:17  warning  'jsPlumb' is not defined                                                   no-undef
  11812:37  warning  'component' is defined but never used                                      no-unused-vars
  11822:29  warning  'containerExtents' is defined but never used                               no-unused-vars
  11850:37  warning  'params' is defined but never used                                         no-unused-vars
  11863:42  warning  'currentConnectionPaintStyle' is defined but never used                    no-unused-vars
  11907:13  warning  'labelWidth' is assigned a value but never used                            no-unused-vars
  11907:32  warning  'labelHeight' is assigned a value but never used                           no-unused-vars
  11907:52  warning  'labelText' is assigned a value but never used                             no-unused-vars
  11907:70  warning  'labelPadding' is assigned a value but never used                          no-unused-vars
  11997:1   warning  Unnecessary semicolon                                                      no-extra-semi
  12441:35  warning  'conn' is defined but never used                                           no-unused-vars
  12441:41  warning  'endpointIndex' is defined but never used                                  no-unused-vars
  12445:37  warning  'conn' is defined but never used                                           no-unused-vars
  12445:43  warning  'endpointIndex' is defined but never used                                  no-unused-vars
  12453:56  warning  'jsPlumb' is not defined                                                   no-undef
  12489:38  warning  '_el' is defined but never used                                            no-unused-vars
  12489:43  warning  'targetGroup' is defined but never used                                    no-unused-vars
  12539:25  warning  'jsPlumbUtil' is not defined                                               no-undef
  12883:1   warning  Unnecessary semicolon                                                      no-extra-semi
  12899:41  warning  'lastOrientation' is assigned a value but never used                       no-unused-vars
  12903:13  warning  'loopbackRadius' is assigned a value but never used                        no-unused-vars
  12904:13  warning  'isLoopbackCurrently' is assigned a value but never used                   no-unused-vars
  13248:1   warning  Unnecessary semicolon                                                      no-extra-semi
  13257:13  warning  'curviness' is assigned a value but never used                             no-unused-vars
  13259:13  warning  'proximityLimit' is assigned a value but never used                        no-unused-vars
  13262:13  warning  'isLoopbackCurrently' is assigned a value but never used                   no-unused-vars
  13401:1   warning  Unnecessary semicolon                                                      no-extra-semi
  13496:13  warning  'clockwise' is assigned a value but never used                             no-unused-vars
  13596:1   warning  Unnecessary semicolon                                                      no-extra-semi
  13603:30  warning  'params' is defined but never used                                         no-unused-vars
  13607:46  warning  '_' is defined but never used                                              no-unused-vars
  13628:1   warning  Unnecessary semicolon                                                      no-extra-semi
  14033:35  warning  'style' is defined but never used                                          no-unused-vars
  14056:35  warning  'style' is defined but never used                                          no-unused-vars
  14092:13  warning  'self' is assigned a value but never used                                  no-unused-vars
  14251:1   warning  Unnecessary semicolon                                                      no-extra-semi
  14444:39  warning  'jsPlumb' is not defined                                                   no-undef
  14473:29  warning  'jsPlumb' is not defined                                                   no-undef
  14480:38  warning  Do not access Object.prototype method 'hasOwnProperty' from target object  no-prototype-builtins
  14481:39  warning  'jsPlumb' is not defined                                                   no-undef
  14548:40  warning  Do not access Object.prototype method 'hasOwnProperty' from target object  no-prototype-builtins
  14639:22  warning  'jsPlumb' is not defined                                                   no-undef
  14644:24  warning  'jsPlumb' is not defined                                                   no-undef
  14770:26  warning  Do not access Object.prototype method 'hasOwnProperty' from target object  no-prototype-builtins
  14783:13  warning  'jsPlumb' is not defined                                                   no-undef
  14788:18  warning  'jsPlumb' is not defined                                                   no-undef
  14797:13  warning  'jsPlumb' is not defined                                                   no-undef
  14802:17  warning  'jsPlumb' is not defined                                                   no-undef
  14803:17  warning  'jsPlumb' is not defined                                                   no-undef
  14805:17  warning  'jsPlumb' is not defined                                                   no-undef
  14809:13  warning  'jsPlumb' is not defined                                                   no-undef
  14815:17  warning  'jsPlumb' is not defined                                                   no-undef
  14853:18  warning  'jsPlumb' is not defined                                                   no-undef
  14901:22  warning  'jsPlumb' is not defined                                                   no-undef
  14982:20  warning  'jsPlumb' is not defined                                                   no-undef
  14996:13  warning  'jsPlumb' is not defined                                                   no-undef
  15008:18  warning  'jsPlumb' is not defined                                                   no-undef
  15011:25  warning  'jsPlumb' is not defined                                                   no-undef
  15013:35  warning  'jsPlumb' is not defined                                                   no-undef
  15014:30  warning  'jsPlumb' is not defined                                                   no-undef
  15015:45  warning  'jsPlumb' is not defined                                                   no-undef
  15016:45  warning  'jsPlumb' is not defined                                                   no-undef
  15017:46  warning  'jsPlumb' is not defined                                                   no-undef
  15133:36  warning  'el' is defined but never used                                             no-unused-vars
  15133:40  warning  'options' is defined but never used                                        no-unused-vars
  15136:36  warning  'el' is defined but never used                                             no-unused-vars
  15136:40  warning  'options' is defined but never used                                        no-unused-vars
  15152:45  warning  'zoom' is defined but never used                                           no-unused-vars
  15192:33  warning  'spec' is defined but never used                                           no-unused-vars
  15201:31  warning  'spec' is defined but never used                                           no-unused-vars
  15210:38  warning  'posseId' is defined but never used                                        no-unused-vars
  15263:23  warning  'el' is defined but never used                                             no-unused-vars
  15263:27  warning  'event' is defined but never used                                          no-unused-vars
  15263:34  warning  'callback' is defined but never used                                       no-unused-vars
  15272:24  warning  'el' is defined but never used                                             no-unused-vars
  15272:28  warning  'event' is defined but never used                                          no-unused-vars
  15272:35  warning  'callback' is defined but never used                                       no-unused-vars

✖ 510 problems (0 errors, 510 warnings)
  0 errors and 17 warnings potentially fixable with the `--fix` option.

